0 info it worked if it ends with ok
1 verbose cli [ 'C:\\Program Files\\nodejs\\node.exe',
1 verbose cli   'C:\\Program Files\\nodejs\\node_modules\\npm\\bin\\npm-cli.js',
1 verbose cli   'run',
1 verbose cli   'test' ]
2 info using npm@3.10.8
3 info using node@v6.9.1
4 verbose run-script [ 'pretest', 'test', 'posttest' ]
5 info lifecycle goodreadsapp@0.0.0~pretest: goodreadsapp@0.0.0
6 silly lifecycle goodreadsapp@0.0.0~pretest: no script for pretest, continuing
7 info lifecycle goodreadsapp@0.0.0~test: goodreadsapp@0.0.0
8 verbose lifecycle goodreadsapp@0.0.0~test: unsafe-perm in lifecycle true
9 verbose lifecycle goodreadsapp@0.0.0~test: PATH: C:\Program Files\nodejs\node_modules\npm\bin\node-gyp-bin;C:\Users\sKwon\Programming\toyprojects\redux-goodreads\node_modules\.bin;C:\Users\sKwon\Desktop\cmder\bin;C:\Users\sKwon\Desktop\cmder\vendor\conemu-maximus5\ConEmu\Scripts;C:\Users\sKwon\Desktop\cmder\vendor\conemu-maximus5;C:\Users\sKwon\Desktop\cmder\vendor\conemu-maximus5\ConEmu;C:\Users\sKwon\algs4\java\bin;C:\ProgramData\Oracle\Java\javapath;C:\Program Files\Broadcom\Broadcom 802.11 Network Adapter;C:\Program Files (x86)\Intel\iCLS Client\;C:\Program Files\Intel\iCLS Client\;C:\WINDOWS\system32;C:\WINDOWS;C:\WINDOWS\System32\Wbem;C:\WINDOWS\System32\WindowsPowerShell\v1.0\;C:\Program Files (x86)\Intel\Intel(R) Management Engine Components\DAL;C:\Program Files\Intel\Intel(R) Management Engine Components\DAL;C:\Program Files (x86)\Intel\Intel(R) Management Engine Components\IPT;C:\Program Files\Intel\Intel(R) Management Engine Components\IPT;C:\HashiCorp\Vagrant\bin;C:\Program Files\Git\cmd;C:\xampp\php;C:\ProgramData\ComposerSetup\bin;C:\Python27\;C:\Program Files\nodejs\;C:\RailsInstaller\Ruby2.3.0\bin;C:\RailsInstaller\Git\cmd;C:\RailsInstaller\Ruby2.2.0\bin;C:\Users\sKwon\algs4\bin;C:\Users\sKwon\algs4\java\bin;C:\Users\sKwon\AppData\Local\atom\bin;C:\Users\sKwon\AppData\Roaming\Composer\vendor\bin;C:\Users\sKwon\AppData\Local\Microsoft\WindowsApps;C:\Program Files\Java\jdk1.8.0_111\bin;C:\Users\sKwon\AppData\Local\Google\Cloud SDK\google-cloud-sdk\bin;C:\Users\sKwon\Programming\miscfiles\ffmpeg-3.2.1\bin;C:\Users\sKwon\AppData\Roaming\npm;C:\Program Files (x86)\Microsoft VS Code\bin;C:\Program Files\Git\usr\bin;C:\Program Files\Git\usr\share\vim\vim74;C:\Users\sKwon\Desktop\cmder\
10 verbose lifecycle goodreadsapp@0.0.0~test: CWD: C:\Users\sKwon\Programming\toyprojects\redux-goodreads
11 silly lifecycle goodreadsapp@0.0.0~test: Args: [ '/d /s /c',
11 silly lifecycle   '$(npm bin)/mocha --watch --require ./tests/test.setup.js tests/*spec.js' ]
12 silly lifecycle goodreadsapp@0.0.0~test: Returned: code: 1  signal: null
13 info lifecycle goodreadsapp@0.0.0~test: Failed to exec test script
14 verbose stack Error: goodreadsapp@0.0.0 test: `$(npm bin)/mocha --watch --require ./tests/test.setup.js tests/*spec.js`
14 verbose stack Exit status 1
14 verbose stack     at EventEmitter.<anonymous> (C:\Program Files\nodejs\node_modules\npm\lib\utils\lifecycle.js:255:16)
14 verbose stack     at emitTwo (events.js:106:13)
14 verbose stack     at EventEmitter.emit (events.js:191:7)
14 verbose stack     at ChildProcess.<anonymous> (C:\Program Files\nodejs\node_modules\npm\lib\utils\spawn.js:40:14)
14 verbose stack     at emitTwo (events.js:106:13)
14 verbose stack     at ChildProcess.emit (events.js:191:7)
14 verbose stack     at maybeClose (internal/child_process.js:877:16)
14 verbose stack     at Process.ChildProcess._handle.onexit (internal/child_process.js:226:5)
15 verbose pkgid goodreadsapp@0.0.0
16 verbose cwd C:\Users\sKwon\Programming\toyprojects\redux-goodreads
17 error Windows_NT 10.0.14393
18 error argv "C:\\Program Files\\nodejs\\node.exe" "C:\\Program Files\\nodejs\\node_modules\\npm\\bin\\npm-cli.js" "run" "test"
19 error node v6.9.1
20 error npm  v3.10.8
21 error code ELIFECYCLE
22 error goodreadsapp@0.0.0 test: `$(npm bin)/mocha --watch --require ./tests/test.setup.js tests/*spec.js`
22 error Exit status 1
23 error Failed at the goodreadsapp@0.0.0 test script '$(npm bin)/mocha --watch --require ./tests/test.setup.js tests/*spec.js'.
23 error Make sure you have the latest version of node.js and npm installed.
23 error If you do, this is most likely a problem with the goodreadsapp package,
23 error not with npm itself.
23 error Tell the author that this fails on your system:
23 error     $(npm bin)/mocha --watch --require ./tests/test.setup.js tests/*spec.js
23 error You can get information on how to open an issue for this project with:
23 error     npm bugs goodreadsapp
23 error Or if that isn't available, you can get their info via:
23 error     npm owner ls goodreadsapp
23 error There is likely additional logging output above.
24 verbose exit [ 1, true ]
